#
# A fatal error has been detected by the Java Runtime Environment:
#
#  SIGILL (0x4) at pc=0x000000400b8f3e24, pid=240, tid=0x0000004003108700
#
# JRE version: OpenJDK Runtime Environment (8.0_322-b06) (build 1.8.0_322-b06)
# Java VM: OpenJDK 64-Bit Server VM (25.322-b06 mixed mode linux-amd64 compressed oops)
# Problematic frame:
# J 171 C1 java.util.jar.Manifest$FastInputStream.readLine([BII)I (167 bytes) @ 0x000000400b8f3e24 [0x000000400b8f3e00+0x24]
#
# Failed to write core dump. Core dumps have been disabled. To enable core dumping, try "ulimit -c unlimited" before starting Java again
#
# If you would like to submit a bug report, please visit:
#   https://bell-sw.com/support
#

---------------  T H R E A D  ---------------

Current thread (0x0000004004010800):  JavaThread "main" [_thread_in_Java, id=268, stack(0x0000004003009000,0x0000004003109000)]

siginfo: si_signo: 4 (SIGILL), si_code: 2 (ILL_ILLOPN), si_addr: 0x000000400b8f3e24

Registers:
RAX=0x00000000eb1db8c8, RBX=0x00000000eb165770, RCX=0x0000000000000000, RDX=0x00000000ee26ba28
RSP=0x00000040031040a8, RBP=0x0000004003104288, RSI=0x0000000000000000, RDI=0x0000000000000000
R8 =0x0000000000000200, R9 =0x000000404d977060, R10=0x0000004002e76560, R11=0x000000400b9064e0
R12=0x0000000000000000, R13=0x000000400b909aac, R14=0x00000040031040a0, R15=0x0000004004010800
RIP=0x000000400b8f3e24, EFLAGS=0x0000000000000286, CSGSFS=0x002b000000000033, ERR=0x0000000000000000
  TRAPNO=0xffffffffffffffff

Top of Stack: (sp=0x00000040031040a8)
0x00000040031040a8:   000000400b909b4c 00000040031040f8
0x00000040031040b8:   000000404d7ad8b0 000000404d9797a0
0x00000040031040c8:   000000404d7aac70 0000004003104288
0x00000040031040d8:   000000400b8e4324 0000004003104148
0x00000040031040e8:   000000400b796a40 0000000000000001
0x00000040031040f8:   0000000000000002 00000000eb1db860
0x0000004003104108:   0000004003104108 000000404d7aad53
0x0000004003104118:   0000004003104168 00000000e61d2a8d
0x0000004003104128:   00000000eb165740 00000000eb1db788
0x0000004003104138:   00000000eb165770 00000000eb1677a0
0x0000004003104148:   00000000eb1db8b0 00000000eb1db850
0x0000004003104158:   0000000000000000 0000000000000000
0x0000004003104168:   00000000eb1ac6a0 0000004003104170
0x0000004003104178:   000000404d7aadf4 0000004003104288
0x0000004003104188:   000000400b8f75dc 000000404d9792a0
0x0000004003104198:   000000404d7aae00 0000000000000000
0x00000040031041a8:   00000040031041c0 0000004003104220
0x00000040031041b8:   000000400b796ffd 0000000000000002
0x00000040031041c8:   00000000eb1db860 00000000eb1db860
0x00000040031041d8:   00000000eb1db850 00000040031041e0
0x00000040031041e8:   00000000eb165740 00000000eb1db788
0x00000040031041f8:   00000000eb1db850 000000404d979d78
0x0000004003104208:   000000404d910e00 0000004003104288
0x0000004003104218:   000000400b796ffd 0000004003104288
0x0000004003104228:   000000400b796ffd 00000000eb1677a0
0x0000004003104238:   00000000eb165770 00000000eb1db850
0x0000004003104248:   0000004003104248 000000404d7503db
0x0000004003104258:   00000040031042f0 000000404d90f9c0
0x0000004003104268:   0000000000000000 000000404d750438
0x0000004003104278:   0000004003104230 00000040031042e8
0x0000004003104288:   0000004003104338 000000400b796ffd
0x0000004003104298:   00000000eb1db850 0000000000000000 

Instructions: (pc=0x000000400b8f3e24)
0x000000400b8f3e04:   49 c1 e2 03 4c 3b d0 0f 85 8f 0d ee ff 0f 1f 84
0x000000400b8f3e14:   00 00 00 00 00 0f 1f 80 00 00 00 00 e9 fb 01 ea
0x000000400b8f3e24:   ff fe ff 55 48 83 ec 70 48 89 74 24 30 48 89 54
0x000000400b8f3e34:   24 48 44 89 44 24 38 48 bf c8 49 97 4d 40 00 00 

Register to memory mapping:

RAX=0x00000000eb1db8c8 is an oop
[B 
 - klass: {type array byte}
 - length: 32
RBX=0x00000000eb165770 is an oop
java.util.jar.Manifest$FastInputStream 
 - klass: 'java/util/jar/Manifest$FastInputStream'
RCX=0x0000000000000000 is an unknown value
RDX=0x00000000ee26ba28 is an unallocated location in the heap
RSP=0x00000040031040a8 is pointing into the stack for thread: 0x0000004004010800
RBP=0x0000004003104288 is pointing into the stack for thread: 0x0000004004010800
RSI=0x0000000000000000 is an unknown value
RDI=0x0000000000000000 is an unknown value
R8 =0x0000000000000200 is an unknown value
R9 =0x000000404d977060 is pointing into metadata
R10=0x0000004002e76560: <offset 0x1041560> in /opt/bitnami/java/jre/lib/amd64/server/libjvm.so at 0x0000004001e35000
R11=0x000000400b9064e0 is at entry_point+32 in (nmethod*)0x000000400b906350
R12=0x0000000000000000 is an unknown value
R13=0x000000400b909aac is at entry_point+300 in (nmethod*)0x000000400b909510
R14=0x00000040031040a0 is pointing into the stack for thread: 0x0000004004010800
R15=0x0000004004010800 is a thread


Stack: [0x0000004003009000,0x0000004003109000],  sp=0x00000040031040a8,  free space=1004k
Native frames: (J=compiled Java code, j=interpreted, Vv=VM code, C=native code)
J 171 C1 java.util.jar.Manifest$FastInputStream.readLine([BII)I (167 bytes) @ 0x000000400b8f3e24 [0x000000400b8f3e00+0x24]
C  0x00000000e61d2a8d
C  0x0000004003104170


---------------  P R O C E S S  ---------------

Java Threads: ( => current thread )
  0x00000040040ff800 JavaThread "Service Thread" daemon [_thread_blocked, id=282, stack(0x0000004087f1b000,0x000000408801c000)]
  0x00000040040ca000 JavaThread "C1 CompilerThread2" daemon [_thread_blocked, id=281, stack(0x000000407fe1b000,0x000000407ff1b000)]
  0x00000040040c8800 JavaThread "C2 CompilerThread1" daemon [_thread_blocked, id=280, stack(0x0000004077d1a000,0x0000004077e1a000)]
  0x00000040040c5800 JavaThread "C2 CompilerThread0" daemon [_thread_blocked, id=279, stack(0x000000406fc19000,0x000000406fd19000)]
  0x00000040040c2800 JavaThread "Signal Dispatcher" daemon [_thread_blocked, id=278, stack(0x0000004067b10000,0x0000004067c11000)]
  0x0000004004090800 JavaThread "Finalizer" daemon [_thread_blocked, id=277, stack(0x000000405f9d6000,0x000000405fad7000)]
  0x000000400408c000 JavaThread "Reference Handler" daemon [_thread_blocked, id=276, stack(0x00000040578d5000,0x00000040579d6000)]
=>0x0000004004010800 JavaThread "main" [_thread_in_Java, id=268, stack(0x0000004003009000,0x0000004003109000)]

Other Threads:
  0x0000004004082000 VMThread [stack: 0x000000404f7d5000,0x000000404f8d5000] [id=275]
  0x0000004004102000 WatcherThread [stack: 0x000000409001d000,0x000000409011d000] [id=283]

VM state:not at safepoint (normal execution)

VM Mutex/Monitor currently owned by a thread: None

heap address: 0x00000000c0000000, size: 1024 MB, Compressed Oops mode: 32-bit
Narrow klass base: 0x0000000000000000, Narrow klass shift: 3
Compressed class space size: 1073741824 Address: 0x0000000100000000

Heap:
 PSYoungGen      total 37888K, used 7255K [0x00000000eab00000, 0x00000000ed500000, 0x0000000100000000)
  eden space 32768K, 22% used [0x00000000eab00000,0x00000000eb215c40,0x00000000ecb00000)
  from space 5120K, 0% used [0x00000000ed000000,0x00000000ed000000,0x00000000ed500000)
  to   space 5120K, 0% used [0x00000000ecb00000,0x00000000ecb00000,0x00000000ed000000)
 ParOldGen       total 86016K, used 0K [0x00000000c0000000, 0x00000000c5400000, 0x00000000eab00000)
  object space 86016K, 0% used [0x00000000c0000000,0x00000000c0000000,0x00000000c5400000)
 Metaspace       used 3201K, capacity 4616K, committed 4864K, reserved 1056768K
  class space    used 318K, capacity 388K, committed 512K, reserved 1048576K

Card table byte_map: [0x000000401ab4f000,0x000000401ad50000] byte_map_base: 0x000000401a54f000

Marking Bits: (ParMarkBitMap*) 0x0000004002e65740
 Begin Bits: [0x000000404b4ac000, 0x000000404c4ac000)
 End Bits:   [0x000000404c4ac000, 0x000000404d4ac000)

Polling page: 0x000000400b551000

CodeCache: size=245760Kb used=1546Kb max_used=1546Kb free=244213Kb
 bounds [0x000000400b78f000, 0x000000400b9ff000, 0x000000401a78f000]
 total_blobs=459 nmethods=211 adapters=163
 compilation: enabled

Compilation events (10 events):
Event: 1.305 Thread 0x00000040040ca000 nmethod 196 0x000000400b9082d0 code [0x000000400b908460, 0x000000400b908908]
Event: 1.306 Thread 0x00000040040ca000  197       3       java.util.AbstractMap::<init> (5 bytes)
Event: 1.306 Thread 0x00000040040ca000 nmethod 197 0x000000400b907f10 code [0x000000400b908080, 0x000000400b908230]
Event: 1.306 Thread 0x00000040040ca000  186       1       sun.nio.cs.UTF_8::historicalName (3 bytes)
Event: 1.307 Thread 0x00000040040ca000 nmethod 186 0x000000400b907c50 code [0x000000400b907da0, 0x000000400b907eb0]
Event: 1.307 Thread 0x00000040040ca000  202       3       java.io.OutputStream::<init> (5 bytes)
Event: 1.307 Thread 0x00000040040ca000 nmethod 202 0x000000400b906350 code [0x000000400b9064c0, 0x000000400b906670]
Event: 1.307 Thread 0x00000040040ca000  208   !   3       java.util.jar.Manifest::parseName (84 bytes)
Event: 1.310 Thread 0x00000040040c5800 nmethod 194 0x000000400b90f590 code [0x000000400b90f700, 0x000000400b90fb48]
Event: 1.310 Thread 0x00000040040c5800  211       4       java.util.jar.Manifest::toLower (24 bytes)

GC Heap History (0 events):
No events

Deoptimization events (2 events):
Event: 0.946 Thread 0x0000004004010800 Uncommon trap: reason=unstable_if action=reinterpret pc=0x000000400b8aea84 method=java.lang.String.indexOf(II)I @ 49
Event: 1.045 Thread 0x0000004004010800 Uncommon trap: reason=unstable_if action=reinterpret pc=0x000000400b8ace70 method=java.lang.String.hashCode()I @ 14

Classes redefined (0 events):
No events

Internal exceptions (10 events):
Event: 1.210 Thread 0x0000004004010800 Exception <a 'java/security/PrivilegedActionException'> (0x00000000eb0b5180) thrown at [/ws/workspace/jdk-8u322/label/linux-x86_64/type/b8/build/hotspot/src/share/vm/prims/jvm.cpp, line 1524]
Event: 1.210 Thread 0x0000004004010800 Exception <a 'java/security/PrivilegedActionException'> (0x00000000eb0b5390) thrown at [/ws/workspace/jdk-8u322/label/linux-x86_64/type/b8/build/hotspot/src/share/vm/prims/jvm.cpp, line 1524]
Event: 1.211 Thread 0x0000004004010800 Exception <a 'java/security/PrivilegedActionException'> (0x00000000eb0b5e88) thrown at [/ws/workspace/jdk-8u322/label/linux-x86_64/type/b8/build/hotspot/src/share/vm/prims/jvm.cpp, line 1524]
Event: 1.211 Thread 0x0000004004010800 Exception <a 'java/security/PrivilegedActionException'> (0x00000000eb0b6098) thrown at [/ws/workspace/jdk-8u322/label/linux-x86_64/type/b8/build/hotspot/src/share/vm/prims/jvm.cpp, line 1524]
Event: 1.211 Thread 0x0000004004010800 Exception <a 'java/security/PrivilegedActionException'> (0x00000000eb0b6b90) thrown at [/ws/workspace/jdk-8u322/label/linux-x86_64/type/b8/build/hotspot/src/share/vm/prims/jvm.cpp, line 1524]
Event: 1.211 Thread 0x0000004004010800 Exception <a 'java/security/PrivilegedActionException'> (0x00000000eb0b6da0) thrown at [/ws/workspace/jdk-8u322/label/linux-x86_64/type/b8/build/hotspot/src/share/vm/prims/jvm.cpp, line 1524]
Event: 1.228 Thread 0x0000004004010800 Exception <a 'java/security/PrivilegedActionException'> (0x00000000eb121e28) thrown at [/ws/workspace/jdk-8u322/label/linux-x86_64/type/b8/build/hotspot/src/share/vm/prims/jvm.cpp, line 1524]
Event: 1.228 Thread 0x0000004004010800 Exception <a 'java/security/PrivilegedActionException'> (0x00000000eb122038) thrown at [/ws/workspace/jdk-8u322/label/linux-x86_64/type/b8/build/hotspot/src/share/vm/prims/jvm.cpp, line 1524]
Event: 1.228 Thread 0x0000004004010800 Exception <a 'java/security/PrivilegedActionException'> (0x00000000eb122ae0) thrown at [/ws/workspace/jdk-8u322/label/linux-x86_64/type/b8/build/hotspot/src/share/vm/prims/jvm.cpp, line 1524]
Event: 1.228 Thread 0x0000004004010800 Exception <a 'java/security/PrivilegedActionException'> (0x00000000eb122cf0) thrown at [/ws/workspace/jdk-8u322/label/linux-x86_64/type/b8/build/hotspot/src/share/vm/prims/jvm.cpp, line 1524]

Events (10 events):
Event: 1.097 loading class org/apache/log4j/spi/Filter
Event: 1.097 loading class org/apache/log4j/spi/Filter done
Event: 1.234 loading class org/apache/log4j/spi/OptionHandler
Event: 1.234 loading class org/apache/log4j/spi/OptionHandler done
Event: 1.240 loading class org/apache/spark/internal/SparkShellLoggingFilter
Event: 1.240 loading class org/apache/spark/internal/SparkShellLoggingFilter done
Event: 1.245 loading class scala/MatchError
Event: 1.245 loading class scala/MatchError done
Event: 1.304 Thread 0x0000004004010800 DEOPT PACKING pc=0x000000400b8b3152 sp=0x0000004003103c90
Event: 1.304 Thread 0x0000004004010800 DEOPT UNPACKING pc=0x000000400b7d60c4 sp=0x0000004003103b30 mode 0


Dynamic libraries:
00200000-002b4000 r--p 00000000 fe:01 1310738                            /usr/bin/qemu-x86_64
002c3000-0045a000 r-xp 000b3000 fe:01 1310738                            /usr/bin/qemu-x86_64
00469000-004a3000 rw-p 00249000 fe:01 1310738                            /usr/bin/qemu-x86_64
004b2000-004c6000 rw-p 00282000 fe:01 1310738                            /usr/bin/qemu-x86_64
004c6000-004e6000 rw-p 00000000 00:00 0 
00648000-00649000 ---p 00000000 00:00 0                                  [heap]
00649000-00654000 rw-p 00000000 00:00 0                                  [heap]
c0000000-c5400000 rw-p 00000000 00:00 0 
c5400000-eab00000 ---p 00000000 00:00 0 
eab00000-ed500000 rw-p 00000000 00:00 0 
ed500000-100000000 ---p 00000000 00:00 0 
100000000-100080000 rw-p 00000000 00:00 0 
100080000-140000000 ---p 00000000 00:00 0 
4000000000-4000001000 r--p 00000000 fe:01 3284584                        /opt/bitnami/java/bin/java
4000001000-4000200000 ---p 00000000 00:00 0 
4000200000-4000201000 r--p 00000000 fe:01 3284584                        /opt/bitnami/java/bin/java
4000201000-4000202000 rw-p 00001000 fe:01 3284584                        /opt/bitnami/java/bin/java
4000202000-4000223000 rw-p 00000000 00:00 0 
4001202000-4001203000 ---p 00000000 00:00 0 
4001203000-4001a03000 rw-p 00000000 00:00 0 
4001a03000-4001a04000 r--p 00000000 fe:01 2622260                        /lib/x86_64-linux-gnu/ld-2.28.so
4001a04000-4001a22000 r--p 00001000 fe:01 2622260                        /lib/x86_64-linux-gnu/ld-2.28.so
4001a22000-4001a2a000 r--p 0001f000 fe:01 2622260                        /lib/x86_64-linux-gnu/ld-2.28.so
4001a2a000-4001a2b000 r--p 00026000 fe:01 2622260                        /lib/x86_64-linux-gnu/ld-2.28.so
4001a2b000-4001a2c000 rw-p 00027000 fe:01 2622260                        /lib/x86_64-linux-gnu/ld-2.28.so
4001a2c000-4001a2f000 rw-p 00000000 00:00 0 
4001a32000-4001a34000 rw-p 00000000 00:00 0 
4001a34000-4001a3a000 r--p 00000000 fe:01 2622333                        /lib/x86_64-linux-gnu/libpthread-2.28.so
4001a3a000-4001a49000 r--p 00006000 fe:01 2622333                        /lib/x86_64-linux-gnu/libpthread-2.28.so
4001a49000-4001a4f000 r--p 00015000 fe:01 2622333                        /lib/x86_64-linux-gnu/libpthread-2.28.so
4001a4f000-4001a50000 r--p 0001a000 fe:01 2622333                        /lib/x86_64-linux-gnu/libpthread-2.28.so
4001a50000-4001a51000 rw-p 0001b000 fe:01 2622333                        /lib/x86_64-linux-gnu/libpthread-2.28.so
4001a51000-4001a55000 rw-p 00000000 00:00 0 
4001a55000-4001a6c000 r--p 00000000 fe:01 3544990                        /opt/bitnami/java/lib/amd64/jli/libjli.so
4001a6c000-4001c6b000 ---p 00017000 fe:01 3544990                        /opt/bitnami/java/lib/amd64/jli/libjli.so
4001c6b000-4001c6c000 r--p 00016000 fe:01 3544990                        /opt/bitnami/java/lib/amd64/jli/libjli.so
4001c6c000-4001c6d000 rw-p 00017000 fe:01 3544990                        /opt/bitnami/java/lib/amd64/jli/libjli.so
4001c6d000-4001c6e000 r--p 00000000 fe:01 2622240                        /lib/x86_64-linux-gnu/libdl-2.28.so
4001c6e000-4001c6f000 r--p 00001000 fe:01 2622240                        /lib/x86_64-linux-gnu/libdl-2.28.so
4001c6f000-4001c70000 r--p 00002000 fe:01 2622240                        /lib/x86_64-linux-gnu/libdl-2.28.so
4001c70000-4001c71000 r--p 00002000 fe:01 2622240                        /lib/x86_64-linux-gnu/libdl-2.28.so
4001c71000-4001c72000 rw-p 00003000 fe:01 2622240                        /lib/x86_64-linux-gnu/libdl-2.28.so
4001c72000-4001c94000 r--p 00000000 fe:01 2622332                        /lib/x86_64-linux-gnu/libc-2.28.so
4001c94000-4001ddc000 r--p 00022000 fe:01 2622332                        /lib/x86_64-linux-gnu/libc-2.28.so
4001ddc000-4001e28000 r--p 0016a000 fe:01 2622332                        /lib/x86_64-linux-gnu/libc-2.28.so
4001e28000-4001e29000 ---p 001b6000 fe:01 2622332                        /lib/x86_64-linux-gnu/libc-2.28.so
4001e29000-4001e2d000 r--p 001b6000 fe:01 2622332                        /lib/x86_64-linux-gnu/libc-2.28.so
4001e2d000-4001e2f000 rw-p 001ba000 fe:01 2622332                        /lib/x86_64-linux-gnu/libc-2.28.so
4001e2f000-4001e35000 rw-p 00000000 00:00 0 
4001e35000-4002b90000 r--p 00000000 fe:01 3544935                        /opt/bitnami/java/jre/lib/amd64/server/libjvm.so
4002b90000-4002d8f000 ---p 00d5b000 fe:01 3544935                        /opt/bitnami/java/jre/lib/amd64/server/libjvm.so
4002d8f000-4002e26000 r--p 00d5a000 fe:01 3544935                        /opt/bitnami/java/jre/lib/amd64/server/libjvm.so
4002e26000-4002e4f000 rw-p 00df1000 fe:01 3544935                        /opt/bitnami/java/jre/lib/amd64/server/libjvm.so
4002e4f000-4002e82000 rw-p 00000000 00:00 0 
4002e85000-4002e92000 r--p 00000000 fe:01 2622230                        /lib/x86_64-linux-gnu/libm-2.28.so
4002e92000-4002f31000 r--p 0000d000 fe:01 2622230                        /lib/x86_64-linux-gnu/libm-2.28.so
4002f31000-4003006000 r--p 000ac000 fe:01 2622230                        /lib/x86_64-linux-gnu/libm-2.28.so
4003006000-4003007000 r--p 00180000 fe:01 2622230                        /lib/x86_64-linux-gnu/libm-2.28.so
4003007000-4003008000 rw-p 00181000 fe:01 2622230                        /lib/x86_64-linux-gnu/libm-2.28.so
4003008000-4003009000 ---p 00000000 00:00 0 
4003009000-400300c000 ---p 00000000 00:00 0 
400300c000-4003109000 rw-p 00000000 00:00 0 
4004000000-4004cb2000 rw-p 00000000 00:00 0 
4004cb2000-4008000000 ---p 00000000 00:00 0 
400b10c000-400b10e000 r--p 00000000 fe:01 2622326                        /lib/x86_64-linux-gnu/librt-2.28.so
400b10e000-400b112000 r--p 00002000 fe:01 2622326                        /lib/x86_64-linux-gnu/librt-2.28.so
400b112000-400b114000 r--p 00006000 fe:01 2622326                        /lib/x86_64-linux-gnu/librt-2.28.so
400b114000-400b115000 r--p 00007000 fe:01 2622326                        /lib/x86_64-linux-gnu/librt-2.28.so
400b115000-400b116000 rw-p 00008000 fe:01 2622326                        /lib/x86_64-linux-gnu/librt-2.28.so
400b116000-400b123000 r--p 00000000 fe:01 3418596                        /opt/bitnami/java/jre/lib/amd64/libverify.so
400b123000-400b322000 ---p 0000d000 fe:01 3418596                        /opt/bitnami/java/jre/lib/amd64/libverify.so
400b322000-400b324000 r--p 0000c000 fe:01 3418596                        /opt/bitnami/java/jre/lib/amd64/libverify.so
400b324000-400b325000 rw-p 0000e000 fe:01 3418596                        /opt/bitnami/java/jre/lib/amd64/libverify.so
400b325000-400b34f000 r--p 00000000 fe:01 3418576                        /opt/bitnami/java/jre/lib/amd64/libjava.so
400b34f000-400b54e000 ---p 0002a000 fe:01 3418576                        /opt/bitnami/java/jre/lib/amd64/libjava.so
400b54e000-400b54f000 r--p 00029000 fe:01 3418576                        /opt/bitnami/java/jre/lib/amd64/libjava.so
400b54f000-400b551000 rw-p 0002a000 fe:01 3418576                        /opt/bitnami/java/jre/lib/amd64/libjava.so
400b551000-400b552000 r--p 00000000 00:00 0 
400b552000-400b553000 rw-p 00000000 00:00 0 
400b556000-400b559000 r--p 00000000 fe:01 2622321                        /lib/x86_64-linux-gnu/libnss_files-2.28.so
400b559000-400b560000 r--p 00003000 fe:01 2622321                        /lib/x86_64-linux-gnu/libnss_files-2.28.so
400b560000-400b562000 r--p 0000a000 fe:01 2622321                        /lib/x86_64-linux-gnu/libnss_files-2.28.so
400b562000-400b563000 ---p 0000c000 fe:01 2622321                        /lib/x86_64-linux-gnu/libnss_files-2.28.so
400b563000-400b564000 r--p 0000c000 fe:01 2622321                        /lib/x86_64-linux-gnu/libnss_files-2.28.so
400b564000-400b565000 rw-p 0000d000 fe:01 2622321                        /lib/x86_64-linux-gnu/libnss_files-2.28.so
400b565000-400b56b000 rw-p 00000000 00:00 0 
400b56b000-400b573000 rw-s 00000000 fe:01 2627906                        /tmp/hsperfdata_root/240
400b573000-400b58e000 r--p 00000000 fe:01 3418597                        /opt/bitnami/java/jre/lib/amd64/libzip.so
400b58e000-400b78d000 ---p 0001b000 fe:01 3418597                        /opt/bitnami/java/jre/lib/amd64/libzip.so
400b78d000-400b78e000 r--p 0001a000 fe:01 3418597                        /opt/bitnami/java/jre/lib/amd64/libzip.so
400b78e000-400b78f000 rw-p 0001b000 fe:01 3418597                        /opt/bitnami/java/jre/lib/amd64/libzip.so
400b78f000-400b790000 r-xp 00000000 00:00 0 
400b790000-400b794000 rw-p 00000000 00:00 0 
400b794000-400b795000 r-xp 00000000 00:00 0 
400b795000-400b796000 rw-p 00000000 00:00 0 
400b796000-400b799000 r-xp 00000000 00:00 0 
400b799000-400b7a0000 rw-p 00000000 00:00 0 
400b7a0000-400b7b8000 r-xp 00000000 00:00 0 
400b7b8000-400b7d4000 rw-p 00000000 00:00 0 
400b7d4000-400b7d7000 r-xp 00000000 00:00 0 
400b7d7000-400b7dc000 rw-p 00000000 00:00 0 
400b7dc000-400b7e2000 r-xp 00000000 00:00 0 
400b7e2000-400b7e7000 rw-p 00000000 00:00 0 
400b7e7000-400b7e9000 r-xp 00000000 00:00 0 
400b7e9000-400b7f0000 rw-p 00000000 00:00 0 
400b7f0000-400b7f4000 r-xp 00000000 00:00 0 
400b7f4000-400b7f5000 rw-p 00000000 00:00 0 
400b7f5000-400b7f6000 r-xp 00000000 00:00 0 
400b7f6000-400b7f8000 rw-p 00000000 00:00 0 
400b7f8000-400b7f9000 r-xp 00000000 00:00 0 
400b7f9000-400b7fb000 rw-p 00000000 00:00 0 
400b7fb000-400b7fc000 r-xp 00000000 00:00 0 
400b7fc000-400b7fd000 rwxp 00000000 00:00 0 
400b7fd000-400b892000 rw-p 00000000 00:00 0 
400b892000-400b895000 r-xp 00000000 00:00 0 
400b895000-400b896000 rw-p 00000000 00:00 0 
400b896000-400b899000 r-xp 00000000 00:00 0 
400b899000-400b89a000 rwxp 00000000 00:00 0 
400b89a000-400b89b000 r-xp 00000000 00:00 0 
400b89b000-400b89c000 rwxp 00000000 00:00 0 
400b89c000-400b89d000 r-xp 00000000 00:00 0 
400b89d000-400b89f000 rwxp 00000000 00:00 0 
400b89f000-400b8a1000 r-xp 00000000 00:00 0 
400b8a1000-400b8a2000 rwxp 00000000 00:00 0 
400b8a2000-400b8a3000 r-xp 00000000 00:00 0 
400b8a3000-400b8a5000 rwxp 00000000 00:00 0 
400b8a5000-400b8a7000 r-xp 00000000 00:00 0 
400b8a7000-400b8a8000 rwxp 00000000 00:00 0 
400b8a8000-400b8aa000 r-xp 00000000 00:00 0 
400b8aa000-400b8ab000 rwxp 00000000 00:00 0 
400b8ab000-400b8ac000 r-xp 00000000 00:00 0 
400b8ac000-400b8ad000 rwxp 00000000 00:00 0 
400b8ad000-400b8ae000 r-xp 00000000 00:00 0 
400b8ae000-400b8af000 rwxp 00000000 00:00 0 
400b8af000-400b8b0000 r-xp 00000000 00:00 0 
400b8b0000-400b8b2000 rw-p 00000000 00:00 0 
400b8b2000-400b8b4000 r-xp 00000000 00:00 0 
400b8b4000-400b8b7000 rw-p 00000000 00:00 0 
400b8b7000-400b8ba000 r-xp 00000000 00:00 0 
400b8ba000-400b8bb000 rwxp 00000000 00:00 0 
400b8bb000-400b8bc000 rw-p 00000000 00:00 0 
400b8bc000-400b8be000 rwxp 00000000 00:00 0 
400b8be000-400b8bf000 r-xp 00000000 00:00 0 
400b8bf000-400b8c0000 rw-p 00000000 00:00 0 
400b8c0000-400b8c1000 rwxp 00000000 00:00 0 
400b8c1000-400b8c3000 r-xp 00000000 00:00 0 
400b8c3000-400b8ca000 rwxp 00000000 00:00 0 
400b8ca000-400b8cc000 r-xp 00000000 00:00 0 
400b8cc000-400b8cd000 rw-p 00000000 00:00 0 
400b8cd000-400b8cf000 rwxp 00000000 00:00 0 
400b8cf000-400b8d1000 r-xp 00000000 00:00 0 
400b8d1000-400b8d2000 rw-p 00000000 00:00 0 
400b8d2000-400b8d6000 rwxp 00000000 00:00 0 
400b8d6000-400b8da000 r-xp 00000000 00:00 0 
400b8da000-400b8db000 rwxp 00000000 00:00 0 
400b8db000-400b8dc000 r-xp 00000000 00:00 0 
400b8dc000-400b8de000 rwxp 00000000 00:00 0 
400b8de000-400b8df000 r-xp 00000000 00:00 0 
400b8df000-400b8e1000 rwxp 00000000 00:00 0 
400b8e1000-400b8e5000 r-xp 00000000 00:00 0 
400b8e5000-400b8e6000 rwxp 00000000 00:00 0 
400b8e6000-400b8e8000 rw-p 00000000 00:00 0 
400b8e8000-400b8e9000 r-xp 00000000 00:00 0 
400b8e9000-400b8ed000 rw-p 00000000 00:00 0 
400b8ed000-400b8f1000 rwxp 00000000 00:00 0 
400b8f1000-400b8f2000 r-xp 00000000 00:00 0 
400b8f2000-400b8f3000 rwxp 00000000 00:00 0 
400b8f3000-400b8f5000 r-xp 00000000 00:00 0 
400b8f5000-400b8f7000 rwxp 00000000 00:00 0 
400b8f7000-400b8f8000 r-xp 00000000 00:00 0 
400b8f8000-400b8f9000 rwxp 00000000 00:00 0 
400b8f9000-400b8fa000 rw-p 00000000 00:00 0 
400b8fa000-400b8fe000 r-xp 00000000 00:00 0 
400b8fe000-400b8ff000 rwxp 00000000 00:00 0 
400b8ff000-400b900000 rw-p 00000000 00:00 0 
400b900000-400b902000 r-xp 00000000 00:00 0 
400b902000-400b903000 rw-p 00000000 00:00 0 
400b903000-400b905000 r-xp 00000000 00:00 0 
400b905000-400b906000 rw-p 00000000 00:00 0 
400b906000-400b908000 rwxp 00000000 00:00 0 
400b908000-400b90a000 r-xp 00000000 00:00 0 
400b90a000-400b90b000 rw-p 00000000 00:00 0 
400b90b000-400b90d000 r-xp 00000000 00:00 0 
400b90d000-400b9ff000 rw-p 00000000 00:00 0 
400b9ff000-401a78f000 ---p 00000000 00:00 0 
401a78f000-401a799000 rw-p 00000000 00:00 0 
401a799000-401ab4f000 ---p 00000000 00:00 0 
401ab4f000-401ab79000 rw-p 00000000 00:00 0 
401ab79000-401aca4000 ---p 00000000 00:00 0 
401aca4000-401acba000 rw-p 00000000 00:00 0 
401acba000-401ad4f000 ---p 00000000 00:00 0 
401ad4f000-401ad7a000 rw-p 00000000 00:00 0 
401ad7a000-401aea6000 ---p 00000000 00:00 0 
401aea6000-401aea7000 ---p 00000000 00:00 0 
401aea7000-401afa7000 rw-p 00000000 00:00 0 
401afa7000-401afa8000 ---p 00000000 00:00 0 
401afa8000-401b0a8000 rw-p 00000000 00:00 0 
401b0a8000-401b0a9000 ---p 00000000 00:00 0 
401b0a9000-401b1a9000 rw-p 00000000 00:00 0 
401b1a9000-401b1aa000 ---p 00000000 00:00 0 
401b1aa000-401b2aa000 rw-p 00000000 00:00 0 
401b2aa000-401b2ab000 ---p 00000000 00:00 0 
401b2ab000-401b3ab000 rw-p 00000000 00:00 0 
401b3ab000-401b3ac000 ---p 00000000 00:00 0 
401b3ac000-401b4ac000 rw-p 00000000 00:00 0 
401c000000-401c021000 rw-p 00000000 00:00 0 
401c021000-4020000000 ---p 00000000 00:00 0 
4024000000-4024021000 rw-p 00000000 00:00 0 
4024021000-4028000000 ---p 00000000 00:00 0 
402c000000-402c021000 rw-p 00000000 00:00 0 
402c021000-4030000000 ---p 00000000 00:00 0 
4034000000-4034021000 rw-p 00000000 00:00 0 
4034021000-4038000000 ---p 00000000 00:00 0 
403c000000-403c021000 rw-p 00000000 00:00 0 
403c021000-4040000000 ---p 00000000 00:00 0 
4044000000-4044021000 rw-p 00000000 00:00 0 
4044021000-4048000000 ---p 00000000 00:00 0 
404b4ac000-404db00000 rw-p 00000000 00:00 0 
404db00000-404dec0000 ---p 00000000 00:00 0 
404dec0000-404dfb9000 rw-p 00000000 00:00 0 
404dfb9000-404e18a000 r--s 03cb6000 fe:01 3418617                        /opt/bitnami/java/jre/lib/rt.jar
404e18a000-404f7d4000 rw-p 00000000 00:00 0 
404f7d4000-404f7d5000 ---p 00000000 00:00 0 
404f7d5000-404f8d5000 rw-p 00000000 00:00 0 
4050000000-4050021000 rw-p 00000000 00:00 0 
4050021000-4054000000 ---p 00000000 00:00 0 
40578d5000-40578d8000 ---p 00000000 00:00 0 
40578d8000-40579d6000 rw-p 00000000 00:00 0 
4058000000-4058021000 rw-p 00000000 00:00 0 
4058021000-405c000000 ---p 00000000 00:00 0 
405f9d6000-405f9d9000 ---p 00000000 00:00 0 
405f9d9000-405fad7000 rw-p 00000000 00:00 0 
4060000000-4060021000 rw-p 00000000 00:00 0 
4060021000-4064000000 ---p 00000000 00:00 0 
4067ad7000-4067b09000 r--p 00000000 fe:01 2625879                        /usr/lib/locale/C.UTF-8/LC_CTYPE
4067b09000-4067b10000 r--s 00000000 fe:01 2625766                        /usr/lib/x86_64-linux-gnu/gconv/gconv-modules.cache
4067b10000-4067b13000 ---p 00000000 00:00 0 
4067b13000-4067c11000 rw-p 00000000 00:00 0 
4068000000-4068021000 rw-p 00000000 00:00 0 
4068021000-406c000000 ---p 00000000 00:00 0 
406fc11000-406fc18000 r--s 000d3000 fe:01 3418607                        /opt/bitnami/java/jre/lib/jfr.jar
406fc18000-406fc19000 ---p 00000000 00:00 0 
406fc19000-406fc1c000 ---p 00000000 00:00 0 
406fc1c000-406fd19000 rw-p 00000000 00:00 0 
4070000000-4070097000 rw-p 00000000 00:00 0 
4070097000-4074000000 ---p 00000000 00:00 0 
4077d19000-4077d1a000 ---p 00000000 00:00 0 
4077d1a000-4077d1d000 ---p 00000000 00:00 0 
4077d1d000-4077e1a000 rw-p 00000000 00:00 0 
4078000000-4078050000 rw-p 00000000 00:00 0 
4078050000-407c000000 ---p 00000000 00:00 0 
407fe1a000-407fe1b000 ---p 00000000 00:00 0 
407fe1b000-407fe1e000 ---p 00000000 00:00 0 
407fe1e000-407ff1b000 rw-p 00000000 00:00 0 
4080000000-408014d000 rw-p 00000000 00:00 0 
408014d000-4084000000 ---p 00000000 00:00 0 
4087f1b000-4087f1e000 ---p 00000000 00:00 0 
4087f1e000-408801c000 rw-p 00000000 00:00 0 
408c000000-408c021000 rw-p 00000000 00:00 0 
408c021000-4090000000 ---p 00000000 00:00 0 
409001c000-409001d000 ---p 00000000 00:00 0 
409001d000-409011d000 rw-p 00000000 00:00 0 
4094000000-4094021000 rw-p 00000000 00:00 0 
4094021000-4098000000 ---p 00000000 00:00 0 
409811d000-409811e000 r--s 00001000 fe:01 3284922                        /opt/bitnami/spark/jars/minlog-1.3.0.jar
409811e000-409811f000 r--s 00003000 fe:01 3284884                        /opt/bitnami/spark/jars/jta-1.1.jar
409811f000-4098121000 r--s 0000a000 fe:01 3284895                        /opt/bitnami/spark/jars/kubernetes-model-coordination-5.4.1.jar
4098121000-4098123000 r--s 00003000 fe:01 3284766                        /opt/bitnami/spark/jars/annotations-17.0.0.jar
4098123000-4098126000 r--s 00019000 fe:01 3284944                        /opt/bitnami/spark/jars/scala-collection-compat_2.12-2.1.1.jar
4098126000-4098128000 r--s 00010000 fe:01 3284871                        /opt/bitnami/spark/jars/jersey-container-servlet-core-2.34.jar
4098128000-409812c000 r--s 00017000 fe:01 3284990                        /opt/bitnami/spark/jars/xz-1.8.jar
409812c000-4098130000 r--s 00044000 fe:01 3284989                        /opt/bitnami/spark/jars/xbean-asm9-shaded-4.20.jar
4098130000-4098138000 r--s 0007b000 fe:01 3284940                        /opt/bitnami/spark/jars/protobuf-java-2.5.0.jar
4098138000-4098146000 r--s 000b1000 fe:01 3284852                        /opt/bitnami/spark/jars/jackson-mapper-asl-1.9.13.jar
4098146000-409814a000 r--s 0002e000 fe:01 3284839                        /opt/bitnami/spark/jars/hk2-locator-2.6.1.jar
409814a000-409814c000 r--s 00001000 fe:01 3284833                        /opt/bitnami/spark/jars/hive-shims-2.3.9.jar
409814c000-4098152000 r--s 0002c000 fe:01 3284867                        /opt/bitnami/spark/jars/jdo-api-3.0.1.jar
4098152000-4098155000 r--s 00016000 fe:01 3284773                        /opt/bitnami/spark/jars/arrow-memory-core-2.0.0.jar
4098155000-409815a000 r--s 00036000 fe:01 3284900                        /opt/bitnami/spark/jars/kubernetes-model-flowcontrol-5.4.1.jar
409815a000-409815d000 r--s 0000d000 fe:01 3284962                        /opt/bitnami/spark/jars/spark-kvstore_2.12-3.2.1.jar
409815d000-4098262000 r--s 0117d000 fe:01 3284819                        /opt/bitnami/spark/jars/hadoop-client-api-3.3.1.jar
4098262000-4098286000 rw-p 00000000 00:00 0 
4098286000-409828c000 r--s 0004d000 fe:01 3284768                        /opt/bitnami/spark/jars/antlr4-runtime-4.8.jar
409828c000-40982bd000 r--s 002e7000 fe:01 3284950                        /opt/bitnami/spark/jars/shapeless_2.12-2.3.3.jar
40982bd000-40982bf000 r--s 0001b000 fe:01 3284827                        /opt/bitnami/spark/jars/hive-jdbc-2.3.9.jar
40982bf000-40982c0000 r--s 00003000 fe:01 3284813                        /opt/bitnami/spark/jars/dropwizard-metrics-hadoop-metrics2-reporter-0.1.2.jar
40982c0000-40982c1000 r--s 00009000 fe:01 3284837                        /opt/bitnami/spark/jars/hive-vector-code-gen-2.3.9.jar
40982c1000-40982c3000 r--s 00005000 fe:01 3284981                        /opt/bitnami/spark/jars/stax-api-1.0.1.jar
40982c3000-40982c4000 r--s 00014000 fe:01 3284926                        /opt/bitnami/spark/jars/okio-1.14.0.jar
40982c4000-40982ca000 r--s 0004a000 fe:01 3284828                        /opt/bitnami/spark/jars/hive-llap-common-2.3.9.jar
40982ca000-40982cc000 r--s 00006000 fe:01 3284970                        /opt/bitnami/spark/jars/spark-sketch_2.12-3.2.1.jar
40982cc000-40982d0000 r--s 0003a000 fe:01 3284993                        /opt/bitnami/spark/jars/zookeeper-jute-3.6.2.jar
40982d0000-40982d3000 r--s 000fd000 fe:01 3284909                        /opt/bitnami/spark/jars/leveldbjni-all-1.8.jar
40982d3000-4098345000 r--s 00aa9000 fe:01 3284956                        /opt/bitnami/spark/jars/spark-catalyst_2.12-3.2.1.jar
4098345000-4098349000 r--s 0001d000 fe:01 3284840                        /opt/bitnami/spark/jars/hk2-utils-2.6.1.jar
4098349000-409834b000 r--s 0002f000 fe:01 3284782                        /opt/bitnami/spark/jars/blas-2.2.1.jar
409834b000-409834c000 r--s 00000000 fe:01 3284915                        /opt/bitnami/spark/jars/macro-compat_2.12-1.1.1.jar
409834c000-409834d000 r--s 0000a000 fe:01 3284824                        /opt/bitnami/spark/jars/hive-cli-2.3.9.jar
409834d000-4098359000 r--s 00112000 fe:01 3284765                        /opt/bitnami/spark/jars/algebra_2.12-2.0.1.jar
4098359000-4098360000 r--s 0005a000 fe:01 3284890                        /opt/bitnami/spark/jars/kubernetes-model-apps-5.4.1.jar
4098360000-4098364000 r--s 00035000 fe:01 3284759                        /opt/bitnami/spark/jars/JLargeArrays-1.5.jar
4098364000-409836a000 r--s 0004c000 fe:01 3284907                        /opt/bitnami/spark/jars/kubernetes-model-storageclass-5.4.1.jar
409836a000-409836c000 r--s 0000e000 fe:01 3284799                        /opt/bitnami/spark/jars/commons-logging-1.1.3.jar
409836c000-4098378000 r--s 000eb000 fe:01 3284928                        /opt/bitnami/spark/jars/orc-core-1.6.12.jar
4098378000-409838a000 r--s 0011f000 fe:01 3284992                        /opt/bitnami/spark/jars/zookeeper-3.6.2.jar
409838a000-409838d000 r--s 00015000 fe:01 3284935                        /opt/bitnami/spark/jars/parquet-common-1.12.2.jar
409838d000-4098392000 r--s 0005a000 fe:01 3284761                        /opt/bitnami/spark/jars/RoaringBitmap-0.9.0.jar
4098392000-40983a9000 r--s 0015c000 fe:01 3284849                        /opt/bitnami/spark/jars/jackson-databind-2.12.3.jar
40983a9000-40983b0000 r--s 00045000 fe:01 3284954                        /opt/bitnami/spark/jars/snakeyaml-1.27.jar
40983b0000-40983fb000 r--s 007aa000 fe:01 3284971                        /opt/bitnami/spark/jars/spark-sql_2.12-3.2.1.jar
40983fb000-409841f000 r--s 001cd000 fe:01 3284800                        /opt/bitnami/spark/jars/commons-math3-3.4.1.jar
409841f000-409843f000 r--s 0017b000 fe:01 3284831                        /opt/bitnami/spark/jars/hive-service-rpc-3.1.2.jar
409843f000-4098441000 r--s 00004000 fe:01 3284919                        /opt/bitnami/spark/jars/metrics-jmx-4.2.0.jar
4098441000-4098f3e000 r--s 0ac6d000 fe:01 3284781                        /opt/bitnami/spark/jars/aws-java-sdk-bundle-1.11.901.jar
4098f3e000-40990d2000 rw-p 00000000 00:00 0 
40990d2000-40990d7000 r--s 0002a000 fe:01 3284816                        /opt/bitnami/spark/jars/gson-2.2.4.jar
40990d7000-4099110000 r--s 004f8000 fe:01 3284946                        /opt/bitnami/spark/jars/scala-library-2.12.15.jar
4099110000-4099113000 r--s 00026000 fe:01 3284794                        /opt/bitnami/spark/jars/commons-crypto-1.1.0.jar
4099113000-409912a000 r--s 000fd000 fe:01 3284887                        /opt/bitnami/spark/jars/kubernetes-client-5.4.1.jar
409912a000-409912e000 r--s 00052000 fe:01 3284976                        /opt/bitnami/spark/jars/spark-yarn_2.12-3.2.1.jar
409912e000-4099134000 r--s 00037000 fe:01 3284862                        /opt/bitnami/spark/jars/javax.jdo-3.2.0-m3.jar
4099134000-409913c000 r--s 0005e000 fe:01 3284902                        /opt/bitnami/spark/jars/kubernetes-model-networking-5.4.1.jar
409913c000-4099140000 r--s 0003e000 fe:01 3284874                        /opt/bitnami/spark/jars/jline-2.14.6.jar
4099140000-4099144000 r--s 00028000 fe:01 3284982                        /opt/bitnami/spark/jars/stream-2.9.6.jar
4099144000-4099190000 r--s 00403000 fe:01 3284923                        /opt/bitnami/spark/jars/netty-all-4.1.68.Final.jar
4099190000-4099191000 r--s 00002000 fe:01 3284894                        /opt/bitnami/spark/jars/kubernetes-model-common-5.4.1.jar
4099191000-4099193000 r--s 0000c000 fe:01 3284822                        /opt/bitnami/spark/jars/hadoop-yarn-server-web-proxy-3.3.1.jar
4099193000-40991cb000 r--s 006b1000 fe:01 3284980                        /opt/bitnami/spark/jars/spire_2.12-0.17.0.jar
40991cb000-40991d6000 r--s 000c5000 fe:01 3284936                        /opt/bitnami/spark/jars/parquet-encoding-1.12.2.jar
40991d6000-40991d7000 r--s 00003000 fe:01 3284986                        /opt/bitnami/spark/jars/transaction-api-1.1.jar
40991d7000-4099200000 r--s 001ee000 fe:01 3284817                        /opt/bitnami/spark/jars/guava-14.0.1.jar
4099200000-4099203000 r--s 0001c000 fe:01 3284941                        /opt/bitnami/spark/jars/py4j-0.10.9.3.jar
4099203000-409920a000 r--s 00050000 fe:01 3284790                        /opt/bitnami/spark/jars/commons-codec-1.15.jar
409920a000-409920c000 r--s 0000f000 fe:01 3284763                        /opt/bitnami/spark/jars/activation-1.1.1.jar
409920c000-4099228000 r--s 001af000 fe:01 3284939                        /opt/bitnami/spark/jars/parquet-jackson-1.12.2.jar
4099228000-409948f000 r--s 01bd9000 fe:01 3284820                        /opt/bitnami/spark/jars/hadoop-client-runtime-3.3.1.jar
409948f000-40994dc000 rw-p 00000000 00:00 0 
40994dc000-40994df000 r--s 00010000 fe:01 3284846                        /opt/bitnami/spark/jars/jackson-annotations-2.12.3.jar
40994df000-40994f8000 r--s 00109000 fe:01 3284869                        /opt/bitnami/spark/jars/jersey-common-2.34.jar
40994f8000-40994f9000 r--s 00005000 fe:01 3284921                        /opt/bitnami/spark/jars/metrics-jvm-4.2.0.jar
40994f9000-40994fa000 r--s 00003000 fe:01 3284974                        /opt/bitnami/spark/jars/spark-tags_2.12-3.2.1.jar
40994fa000-40994ff000 r--s 0003e000 fe:01 3284801                        /opt/bitnami/spark/jars/commons-net-3.1.jar
40994ff000-4099501000 r--s 0000e000 fe:01 3284931                        /opt/bitnami/spark/jars/oro-2.0.8.jar
4099501000-4099504000 r--s 0002b000 fe:01 3284779                        /opt/bitnami/spark/jars/avro-ipc-1.10.2.jar
4099504000-409950b000 r--s 00044000 fe:01 3284904                        /opt/bitnami/spark/jars/kubernetes-model-policy-5.4.1.jar
409950b000-409950d000 r--s 00011000 fe:01 3284872                        /opt/bitnami/spark/jars/jersey-hk2-2.34.jar
409950d000-409950e000 r--s 0000b000 fe:01 3284929                        /opt/bitnami/spark/jars/orc-mapreduce-1.6.12.jar
409950e000-4099512000 r--s 00028000 fe:01 3284897                        /opt/bitnami/spark/jars/kubernetes-model-discovery-5.4.1.jar
4099512000-4099518000 r--s 00065000 fe:01 3284825                        /opt/bitnami/spark/jars/hive-common-2.3.9.jar
4099518000-409951c000 r--s 00065000 fe:01 3284958                        /opt/bitnami/spark/jars/spark-graphx_2.12-3.2.1.jar
409951c000-4099531000 r--s 000e3000 fe:01 3284865                        /opt/bitnami/spark/jars/jaxb-runtime-2.3.2.jar
4099531000-4099535000 r--s 00019000 fe:01 3284859                        /opt/bitnami/spark/jars/jakarta.xml.bind-api-2.3.2.jar
4099535000-4099537000 r--s 00005000 fe:01 3284844                        /opt/bitnami/spark/jars/istack-commons-runtime-3.0.8.jar
4099537000-4099551000 r--s 00155000 fe:01 3284841                        /opt/bitnami/spark/jars/htrace-core4-4.1.0-incubating.jar
4099551000-409955d000 r--s 000c9000 fe:01 3284818                        /opt/bitnami/spark/jars/hadoop-aws-3.3.1.jar
409955d000-409955e000 r--s 00004000 fe:01 3284927                        /opt/bitnami/spark/jars/opencsv-2.3.jar
409955e000-4099565000 r--s 00046000 fe:01 3284910                        /opt/bitnami/spark/jars/libfb303-0.9.3.jar
4099565000-4099567000 r--s 0000c000 fe:01 3284924                        /opt/bitnami/spark/jars/objenesis-2.6.jar
4099567000-4099569000 r--s 0000b000 fe:01 3284850                        /opt/bitnami/spark/jars/jackson-dataformat-yaml-2.12.3.jar
4099569000-409957f000 r--s 00141000 fe:01 3284845                        /opt/bitnami/spark/jars/ivy-2.5.0.jar
409957f000-4099581000 r--s 00010000 fe:01 3284901                        /opt/bitnami/spark/jars/kubernetes-model-metrics-5.4.1.jar
4099581000-4099585000 r--s 00011000 fe:01 3284856                        /opt/bitnami/spark/jars/jakarta.servlet-api-4.0.3.jar
4099585000-4099587000 r--s 0000b000 fe:01 3284975                        /opt/bitnami/spark/jars/spark-unsafe_2.12-3.2.1.jar
4099587000-4099589000 r--s 0001b000 fe:01 3284965                        /opt/bitnami/spark/jars/spark-mllib-local_2.12-3.2.1.jar
4099589000-4099593000 r--s 0006e000 fe:01 3284899                        /opt/bitnami/spark/jars/kubernetes-model-extensions-5.4.1.jar
4099593000-409959e000 r--s 000b4000 fe:01 3284861                        /opt/bitnami/spark/jars/javassist-3.25.0-GA.jar
409959e000-40995a3000 r--s 0006a000 fe:01 3284961                        /opt/bitnami/spark/jars/spark-kubernetes_2.12-3.2.1.jar
40995a3000-40995ca000 r--s 001c0000 fe:01 3284934                        /opt/bitnami/spark/jars/parquet-column-1.12.2.jar
40995ca000-40995cd000 r--s 00025000 fe:01 3284795                        /opt/bitnami/spark/jars/commons-dbcp-1.4.jar
40995cd000-40995e1000 r--s 000d4000 fe:01 3284873                        /opt/bitnami/spark/jars/jersey-server-2.34.jar
40995e1000-40995e2000 r--s 00012000 fe:01 3284770                        /opt/bitnami/spark/jars/arpack-2.2.1.jar
40995e2000-40995fb000 r--s 00317000 fe:01 3284786                        /opt/bitnami/spark/jars/cats-kernel_2.12-2.1.1.jar
40995fb000-409961f000 r--s 0035e000 fe:01 3284948                        /opt/bitnami/spark/jars/scala-reflect-2.12.15.jar
409961f000-409962b000 r--s 000a1000 fe:01 3284937                        /opt/bitnami/spark/jars/parquet-format-structures-1.12.2.jar
409962b000-409962d000 r--s 00673000 fe:01 3284994                        /opt/bitnami/spark/jars/zstd-jni-1.5.0-4.jar
409962d000-4099631000 r--s 00031000 fe:01 3284892                        /opt/bitnami/spark/jars/kubernetes-model-batch-5.4.1.jar
4099631000-4099633000 r--s 00005000 fe:01 3284854                        /opt/bitnami/spark/jars/jakarta.annotation-api-1.3.5.jar
4099633000-4099638000 r--s 00055000 fe:01 3284809                        /opt/bitnami/spark/jars/datanucleus-api-jdo-4.2.4.jar
4099638000-409963e000 r--s 02264000 fe:01 3284943                        /opt/bitnami/spark/jars/rocksdbjni-6.20.3.jar
409963e000-4099644000 r--s 00063000 fe:01 3284876                        /opt/bitnami/spark/jars/jodd-core-3.5.2.jar
4099644000-409964a000 r--s 00063000 fe:01 3284925                        /opt/bitnami/spark/jars/okhttp-3.12.12.jar
409964a000-409964d000 r--s 00016000 fe:01 3284864                        /opt/bitnami/spark/jars/jaxb-api-2.2.11.jar
409964d000-4099652000 r--s 0002c000 fe:01 3284803                        /opt/bitnami/spark/jars/commons-text-1.6.jar
4099652000-4099657000 r--s 00083000 fe:01 3284949                        /opt/bitnami/spark/jars/scala-xml_2.12-1.2.0.jar
4099657000-4099658000 r--s 00008000 fe:01 3284979                        /opt/bitnami/spark/jars/spire-util_2.12-0.17.0.jar
4099658000-409965a000 r--s 0000d000 fe:01 3284787                        /opt/bitnami/spark/jars/chill-java-0.10.0.jar
409965a000-409966c000 r--s 00132000 fe:01 3284985                        /opt/bitnami/spark/jars/tink-1.6.0.jar
409966c000-4099671000 r--s 0002c000 fe:01 3284838                        /opt/bitnami/spark/jars/hk2-api-2.6.1.jar
4099671000-4099682000 r--s 000e8000 fe:01 3284793                        /opt/bitnami/spark/jars/commons-compress-1.21.jar
4099682000-4099684000 r--s 00009000 fe:01 3284952                        /opt/bitnami/spark/jars/slf4j-api-1.7.30.jar
4099684000-4099687000 r--s 00014000 fe:01 3284983                        /opt/bitnami/spark/jars/super-csv-2.2.0.jar
4099687000-40996ed000 r--s 009f0000 fe:01 3284957                        /opt/bitnami/spark/jars/spark-core_2.12-3.2.1.jar
40996ed000-40996fe000 r--p 00000000 fe:01 3418589                        /opt/bitnami/java/jre/lib/amd64/libnio.so
40996fe000-40998fe000 ---p 00011000 fe:01 3418589                        /opt/bitnami/java/jre/lib/amd64/libnio.so
40998fe000-40998ff000 r--p 00011000 fe:01 3418589                        /opt/bitnami/java/jre/lib/amd64/libnio.so
40998ff000-4099900000 rw-p 00012000 fe:01 3418589                        /opt/bitnami/java/jre/lib/amd64/libnio.so
4099900000-4099918000 r--p 00000000 fe:01 3418588                        /opt/bitnami/java/jre/lib/amd64/libnet.so
4099918000-4099b17000 ---p 00018000 fe:01 3418588                        /opt/bitnami/java/jre/lib/amd64/libnet.so
4099b17000-4099b18000 r--p 00017000 fe:01 3418588                        /opt/bitnami/java/jre/lib/amd64/libnet.so
4099b18000-4099b19000 rw-p 00018000 fe:01 3418588                        /opt/bitnami/java/jre/lib/amd64/libnet.so
4099b19000-4099b4a000 rw-p 00000000 00:00 0 
4099b4a000-4099b4b000 r--s 00009000 fe:01 3284774                        /opt/bitnami/spark/jars/arrow-memory-netty-2.0.0.jar
4099b4b000-4099be6000 r--s 009bc000 fe:01 3284826                        /opt/bitnami/spark/jars/hive-exec-2.3.9-core.jar
4099be6000-4099bf4000 r--s 000d5000 fe:01 3284860                        /opt/bitnami/spark/jars/janino-3.0.16.jar
4099bf4000-4099c85000 r--s 00740000 fe:01 3284829                        /opt/bitnami/spark/jars/hive-metastore-2.3.9.jar
4099c85000-4099c88000 r--s 00015000 fe:01 3284802                        /opt/bitnami/spark/jars/commons-pool-1.5.4.jar
4099c88000-4099c8b000 r--s 00015000 fe:01 3284898                        /opt/bitnami/spark/jars/kubernetes-model-events-5.4.1.jar
4099c8b000-4099c8d000 r--s 00003000 fe:01 3284920                        /opt/bitnami/spark/jars/metrics-json-4.2.0.jar
4099c8d000-4099cde000 r--s 002e4000 fe:01 3284821                        /opt/bitnami/spark/jars/hadoop-shaded-guava-1.1.1.jar
4099cde000-4099ce6000 r--s 00059000 fe:01 3284863                        /opt/bitnami/spark/jars/javolution-5.5.1.jar
4099ce6000-4099ce8000 r--s 000c5000 fe:01 3284908                        /opt/bitnami/spark/jars/lapack-2.2.1.jar
4099ce8000-4099cec000 r--s 00036000 fe:01 3284836                        /opt/bitnami/spark/jars/hive-storage-api-2.7.2.jar
4099cec000-4099cee000 r--s 00014000 fe:01 3284879                        /opt/bitnami/spark/jars/json4s-ast_2.12-3.7.0-M11.jar
4099cee000-4099cf3000 r--s 00027000 fe:01 3284777                        /opt/bitnami/spark/jars/automaton-1.11-8.jar
4099cf3000-4099cfb000 r--s 00049000 fe:01 3284843                        /opt/bitnami/spark/jars/httpcore-4.4.14.jar
4099cfb000-4099d00000 r--s 00012000 fe:01 3284857                        /opt/bitnami/spark/jars/jakarta.validation-api-2.0.2.jar
4099d00000-4099d04000 r--s 00024000 fe:01 3284968                        /opt/bitnami/spark/jars/spark-network-shuffle_2.12-3.2.1.jar
4099d04000-4099d0c000 r--s 0003e000 fe:01 3284808                        /opt/bitnami/spark/jars/curator-recipes-2.13.0.jar
4099d0c000-4099d1a000 r--s 000a0000 fe:01 3284888                        /opt/bitnami/spark/jars/kubernetes-model-admissionregistration-5.4.1.jar
4099d1a000-4099d1c000 r--s 00011000 fe:01 3284963                        /opt/bitnami/spark/jars/spark-launcher_2.12-3.2.1.jar
4099d1c000-4099d26000 r--s 00086000 fe:01 3284798                        /opt/bitnami/spark/jars/commons-lang3-3.12.0.jar
4099d26000-4099d2a000 r--s 0001f000 fe:01 3284858                        /opt/bitnami/spark/jars/jakarta.ws.rs-api-2.1.6.jar
4099d2a000-4099d32000 r--s 00084000 fe:01 3284959                        /opt/bitnami/spark/jars/spark-hive-thriftserver_2.12-3.2.1.jar
4099d32000-4099d33000 r--s 00002000 fe:01 3284877                        /opt/bitnami/spark/jars/jpam-1.1.jar
4099d33000-4099d34000 r--s 00004000 fe:01 3284814                        /opt/bitnami/spark/jars/flatbuffers-java-1.9.0.jar
4099d34000-4099d35000 r--s 00002000 fe:01 3284973                        /opt/bitnami/spark/jars/spark-tags_2.12-3.2.1-tests.jar
4099d35000-4099d38000 r--s 00006000 fe:01 3284883                        /opt/bitnami/spark/jars/jsr305-3.0.0.jar
4099d38000-4099d3b000 r--s 00026000 fe:01 3284767                        /opt/bitnami/spark/jars/antlr-runtime-3.5.2.jar
4099d3b000-4099d44000 r--s 00065000 fe:01 3284987                        /opt/bitnami/spark/jars/univocity-parsers-2.9.1.jar
4099d44000-4099d46000 r--s 00001000 fe:01 3284978                        /opt/bitnami/spark/jars/spire-platform_2.12-0.17.0.jar
4099d46000-4099d4a000 r--s 00036000 fe:01 3284984                        /opt/bitnami/spark/jars/threeten-extra-1.5.0.jar
4099d4a000-4099d4c000 r--s 00008000 fe:01 3284881                        /opt/bitnami/spark/jars/json4s-jackson_2.12-3.7.0-M11.jar
4099d4c000-4099dd0000 r--s 00ccc000 fe:01 3284785                        /opt/bitnami/spark/jars/breeze_2.12-1.2.jar
4099dd0000-4099e14000 r--s 00352000 fe:01 3284896                        /opt/bitnami/spark/jars/kubernetes-model-core-5.4.1.jar
4099e14000-4099e1a000 r--s 00040000 fe:01 3284796                        /opt/bitnami/spark/jars/commons-io-2.8.0.jar
4099e1a000-4099e1c000 r--s 00006000 fe:01 3284930                        /opt/bitnami/spark/jars/orc-shims-1.6.12.jar
4099e1c000-4099e1e000 r--s 00002000 fe:01 3284835                        /opt/bitnami/spark/jars/hive-shims-scheduler-2.3.9.jar
4099e1e000-4099e37000 r--s 001d4000 fe:01 3284810                        /opt/bitnami/spark/jars/datanucleus-core-4.1.17.jar
4099e37000-4099e39000 r--s 0000b000 fe:01 3284969                        /opt/bitnami/spark/jars/spark-repl_2.12-3.2.1.jar
4099e39000-4099e3d000 r--s 001de000 fe:01 3284955                        /opt/bitnami/spark/jars/snappy-java-1.1.8.4.jar
4099e3d000-4099e43000 r--s 0002c000 fe:01 3284807                        /opt/bitnami/spark/jars/curator-framework-2.13.0.jar
4099e43000-4099e46000 r--s 0002a000 fe:01 3284823                        /opt/bitnami/spark/jars/hive-beeline-2.3.9.jar
4099e46000-4099e53000 r--s 000b2000 fe:01 3284842                        /opt/bitnami/spark/jars/httpclient-4.5.13.jar
4099e53000-4099e55000 r--s 00000000 fe:01 3284885                        /opt/bitnami/spark/jars/jul-to-slf4j-1.7.30.jar
4099e55000-4099e62000 r--s 00083000 fe:01 3284791                        /opt/bitnami/spark/jars/commons-collections-3.2.2.jar
4099e62000-4099e69000 r--s 0005d000 fe:01 3284853                        /opt/bitnami/spark/jars/jackson-module-scala_2.12-2.12.3.jar
4099e69000-4099e6c000 r--s 0000f000 fe:01 3284792                        /opt/bitnami/spark/jars/commons-compiler-3.0.16.jar
4099e6c000-4099e6e000 r--s 00005000 fe:01 3284878                        /opt/bitnami/spark/jars/json-1.8.jar
4099e6e000-4099e6f000 r--s 00007000 fe:01 3284870                        /opt/bitnami/spark/jars/jersey-container-servlet-2.34.jar
4099e6f000-4099e73000 r--s 00033000 fe:01 3284947                        /opt/bitnami/spark/jars/scala-parser-combinators_2.12-1.1.2.jar
4099e73000-4099e75000 r--s 00007000 fe:01 3284991                        /opt/bitnami/spark/jars/zjsonpatch-0.3.0.jar
4099e75000-4099e87000 r--s 00112000 fe:01 3284771                        /opt/bitnami/spark/jars/arpack_combined_all-0.1.jar
4099e87000-4099eb5000 r--s 0021f000 fe:01 3284967                        /opt/bitnami/spark/jars/spark-network-common_2.12-3.2.1.jar
4099eb5000-4099eb8000 r--s 00031000 fe:01 3284788                        /opt/bitnami/spark/jars/chill_2.12-0.10.0.jar
4099eb8000-4099ebb000 r--s 0001f000 fe:01 3284758                        /opt/bitnami/spark/jars/HikariCP-2.5.1.jar
4099ebb000-4099ec0000 r--s 00041000 fe:01 3284797                        /opt/bitnami/spark/jars/commons-lang-2.6.jar
4099ec0000-4099ec3000 r--s 0001e000 fe:01 3284893                        /opt/bitnami/spark/jars/kubernetes-model-certificates-5.4.1.jar
4099ec3000-4099ec5000 r--s 00011000 fe:01 3284784                        /opt/bitnami/spark/jars/breeze-macros_2.12-1.2.jar
409a15b000-409a15e000 r--s 00046000 fe:01 3284964                        /opt/bitnami/spark/jars/spark-mesos_2.12-3.2.1.jar
409a15e000-409a170000 r--s 000ce000 fe:01 3284830                        /opt/bitnami/spark/jars/hive-serde-2.3.9.jar
409a170000-409a173000 r--s 0002a000 fe:01 3284764                        /opt/bitnami/spark/jars/aircompressor-0.21.jar
409a173000-409a176000 r--s 0001a000 fe:01 3284977                        /opt/bitnami/spark/jars/spire-macros_2.12-0.17.0.jar
409a176000-409a178000 r--s 00003000 fe:01 3284866                        /opt/bitnami/spark/jars/jcl-over-slf4j-1.7.30.jar
409a178000-409a17a000 r--s 00012000 fe:01 3284804                        /opt/bitnami/spark/jars/compress-lzf-1.0.3.jar
409a17a000-409a1b1000 r--s 00219000 fe:01 3284806                        /opt/bitnami/spark/jars/curator-client-2.13.0.jar
409a1b1000-409a1b5000 r--s 00035000 fe:01 3284848                        /opt/bitnami/spark/jars/jackson-core-asl-1.9.13.jar
409a1b5000-409a1b7000 r--s 00010000 fe:01 3284772                        /opt/bitnami/spark/jars/arrow-format-2.0.0.jar
409a1b7000-409a1c6000 r--s 000e0000 fe:01 3284938                        /opt/bitnami/spark/jars/parquet-hadoop-1.12.2.jar
409a1c6000-409a1c7000 r--s 00004000 fe:01 3284932                        /opt/bitnami/spark/jars/osgi-resource-locator-1.0.3.jar
409a1c7000-409a1da000 r--s 0018f000 fe:01 3284775                        /opt/bitnami/spark/jars/arrow-vector-2.0.0.jar
409a1da000-409a1e2000 r--s 0005d000 fe:01 3284886                        /opt/bitnami/spark/jars/kryo-shaded-4.0.2.jar
409a1e2000-409a1e5000 r--s 00021000 fe:01 3284903                        /opt/bitnami/spark/jars/kubernetes-model-node-5.4.1.jar
409a1e5000-409a1e9000 r--s 00036000 fe:01 3284762                        /opt/bitnami/spark/jars/ST4-4.0.4.jar
409a1e9000-409a1f6000 r--s 00083000 fe:01 3284889                        /opt/bitnami/spark/jars/kubernetes-model-apiextensions-5.4.1.jar
409a1f6000-409a1fe000 r--s 00058000 fe:01 3284988                        /opt/bitnami/spark/jars/velocity-1.5.jar
409a1fe000-409a200000 r--s 00009000 fe:01 3284789                        /opt/bitnami/spark/jars/commons-cli-1.2.jar
409a200000-409a22f000 r--s 002e7000 fe:01 3284812                        /opt/bitnami/spark/jars/derby-10.14.2.0.jar
409a22f000-409a231000 r--s 00027000 fe:01 3284805                        /opt/bitnami/spark/jars/core-1.1.2.jar
409a231000-409a23c000 r--s 0010b000 fe:01 3284972                        /opt/bitnami/spark/jars/spark-streaming_2.12-3.2.1.jar
409a23c000-409a242000 r--s 0007b000 fe:01 3284880                        /opt/bitnami/spark/jars/json4s-core_2.12-3.7.0-M11.jar
409a242000-409a248000 r--s 0003a000 fe:01 3284868                        /opt/bitnami/spark/jars/jersey-client-2.34.jar
409a248000-409a24d000 r--s 000a6000 fe:01 3284960                        /opt/bitnami/spark/jars/spark-hive_2.12-3.2.1.jar
409a24d000-409a258000 r--s 00086000 fe:01 3284778                        /opt/bitnami/spark/jars/avro-1.10.2.jar
409a258000-409a297000 r--s 0059c000 fe:01 3284966                        /opt/bitnami/spark/jars/spark-mllib_2.12-3.2.1.jar
409a297000-409a29d000 r--s 00037000 fe:01 3284911                        /opt/bitnami/spark/jars/libthrift-0.12.0.jar
409a29d000-409a2f2000 r--s 00a24000 fe:01 3284945                        /opt/bitnami/spark/jars/scala-compiler-2.12.15.jar
409a2f2000-409a2f4000 r--s 00002000 fe:01 3284913                        /opt/bitnami/spark/jars/logging-interceptor-3.12.12.jar
409a2f4000-409a2f5000 r--s 00003000 fe:01 3284815                        /opt/bitnami/spark/jars/generex-1.0.2.jar
409a2f5000-409a2f8000 r--s 0009c000 fe:01 3284914                        /opt/bitnami/spark/jars/lz4-java-1.7.1.jar
409a2f8000-409a2f9000 r--s 00005000 fe:01 3284918                        /opt/bitnami/spark/jars/metrics-graphite-4.2.0.jar
409a2f9000-409a302000 r--s 0006f000 fe:01 3284912                        /opt/bitnami/spark/jars/log4j-1.2.17.jar
ffffaa5b6000-ffffaaa62000 rw-p 00000000 00:00 0 
ffffaaa63000-ffffaaa6b000 rw-p 00000000 00:00 0 
ffffaaa6d000-ffffaaa75000 rw-p 00000000 00:00 0 
ffffaaa76000-ffffaaa7e000 rw-p 00000000 00:00 0 
ffffaaa7f000-ffffaaa87000 rw-p 00000000 00:00 0 
ffffaaa89000-ffffaaa91000 rw-p 00000000 00:00 0 
ffffaaa92000-ffffaaa9a000 rw-p 00000000 00:00 0 
ffffaaa9b000-ffffaaaa3000 rw-p 00000000 00:00 0 
ffffaaaa4000-ffffaaaac000 rw-p 00000000 00:00 0 
ffffaaaae000-ffffaaab6000 rw-p 00000000 00:00 0 
ffffaaab7000-ffffaaabf000 rw-p 00000000 00:00 0 
ffffaaac1000-ffffaaac9000 rw-p 00000000 00:00 0 
ffffaaaca000-ffffaaad2000 rw-p 00000000 00:00 0 
ffffaaad3000-ffffaaadb000 rw-p 00000000 00:00 0 
ffffaaadc000-ffffaaae4000 rw-p 00000000 00:00 0 
ffffaaae6000-ffffaaaee000 rw-p 00000000 00:00 0 
ffffaaaef000-ffffaaaf7000 rw-p 00000000 00:00 0 
ffffaaaf8000-ffffaab00000 rw-p 00000000 00:00 0 
ffffaab01000-ffffaab09000 rw-p 00000000 00:00 0 
ffffaab0a000-ffffaab12000 rw-p 00000000 00:00 0 
ffffaab13000-ffffaab1b000 rw-p 00000000 00:00 0 
ffffaab1c000-ffffaab24000 rw-p 00000000 00:00 0 
ffffaab25000-ffffaacfd000 rw-p 00000000 00:00 0 
ffffaacfe000-ffffaad0e000 rw-p 00000000 00:00 0 
ffffaad0f000-ffffaad17000 rw-p 00000000 00:00 0 
ffffaad18000-ffffaad28000 rw-p 00000000 00:00 0 
ffffaad29000-ffffaad31000 rw-p 00000000 00:00 0 
ffffaad32000-ffffaad42000 rw-p 00000000 00:00 0 
ffffaad43000-ffffaad4b000 rw-p 00000000 00:00 0 
ffffaad4c000-ffffaad5c000 rw-p 00000000 00:00 0 
ffffaad5d000-ffffaad6d000 rw-p 00000000 00:00 0 
ffffaad6e000-ffffaad7e000 rw-p 00000000 00:00 0 
ffffaad7f000-ffffaad8f000 rw-p 00000000 00:00 0 
ffffaad90000-ffffaad98000 rw-p 00000000 00:00 0 
ffffaad99000-ffffaada9000 rw-p 00000000 00:00 0 
ffffaadaa000-ffffaadba000 rw-p 00000000 00:00 0 
ffffaadbb000-ffffaadd3000 rw-p 00000000 00:00 0 
ffffaadd4000-ffffaade4000 rw-p 00000000 00:00 0 
ffffaade5000-ffffaadf5000 rw-p 00000000 00:00 0 
ffffaadf6000-ffffaae06000 rw-p 00000000 00:00 0 
ffffaae07000-ffffaae1f000 rw-p 00000000 00:00 0 
ffffaae20000-ffffaae38000 rw-p 00000000 00:00 0 
ffffaae39000-ffffaae59000 rw-p 00000000 00:00 0 
ffffaae5a000-ffffaae72000 rw-p 00000000 00:00 0 
ffffaae73000-ffffaae8b000 rw-p 00000000 00:00 0 
ffffaae8c000-ffffaaea4000 rw-p 00000000 00:00 0 
ffffaaea5000-ffffaaebd000 rw-p 00000000 00:00 0 
ffffaaebe000-ffffaaece000 rw-p 00000000 00:00 0 
ffffaaed4000-ffffab0e4000 rw-p 00000000 00:00 0 
ffffab0e6000-ffffab0ee000 rw-p 00000000 00:00 0 
ffffab0ef000-ffffab177000 rw-p 00000000 00:00 0 
ffffab177000-ffffab179000 ---p 00000000 00:00 0 
ffffab179000-ffffab1ba000 rw-p 00000000 00:00 0 
ffffab1bb000-ffffab1ca000 rw-p 00000000 00:00 0 
ffffab1cc000-ffffab1d4000 rw-p 00000000 00:00 0 
ffffab1d5000-ffffab1dd000 rw-p 00000000 00:00 0 
ffffab1de000-ffffab2de000 rw-p 00000000 00:00 0 
ffffab2de000-ffffab2e0000 ---p 00000000 00:00 0 
ffffab2e0000-ffffab342000 rw-p 00000000 00:00 0 
ffffab343000-ffffab34b000 rw-p 00000000 00:00 0 
ffffab34c000-ffffab354000 rw-p 00000000 00:00 0 
ffffab355000-ffffab35d000 rw-p 00000000 00:00 0 
ffffab35e000-ffffab366000 rw-p 00000000 00:00 0 
ffffab367000-ffffab36f000 rw-p 00000000 00:00 0 
ffffab370000-ffffab378000 rw-p 00000000 00:00 0 
ffffab379000-ffffab411000 rw-p 00000000 00:00 0 
ffffab411000-ffffab413000 ---p 00000000 00:00 0 
ffffab413000-ffffab560000 rw-p 00000000 00:00 0 
ffffab560000-ffffab562000 ---p 00000000 00:00 0 
ffffab562000-ffffab6ad000 rw-p 00000000 00:00 0 
ffffab6ad000-ffffab6af000 ---p 00000000 00:00 0 
ffffab6af000-ffffab7a0000 rw-p 00000000 00:00 0 
ffffab7a0000-ffffab7a2000 ---p 00000000 00:00 0 
ffffab7a2000-ffffab993000 rw-p 00000000 00:00 0 
ffffab993000-ffffab995000 ---p 00000000 00:00 0 
ffffab995000-ffffabaa3000 rw-p 00000000 00:00 0 
ffffabaa3000-ffffabaa5000 ---p 00000000 00:00 0 
ffffabaa5000-ffffabc2e000 rw-p 00000000 00:00 0 
ffffabc2f000-ffffabc3f000 rw-p 00000000 00:00 0 
ffffabc40000-ffffabc50000 rw-p 00000000 00:00 0 
ffffabc51000-ffffabc61000 rw-p 00000000 00:00 0 
ffffabc62000-ffffabc72000 rw-p 00000000 00:00 0 
ffffabc73000-ffffabc83000 rw-p 00000000 00:00 0 
ffffabc84000-ffffabc94000 rw-p 00000000 00:00 0 
ffffabc95000-ffffabca5000 rw-p 00000000 00:00 0 
ffffabca6000-ffffabcbe000 rw-p 00000000 00:00 0 
ffffabcc5000-ffffabdcd000 rw-p 00000000 00:00 0 
ffffabdcf000-ffffabdd7000 rw-p 00000000 00:00 0 
ffffabdd8000-ffffabde0000 rw-p 00000000 00:00 0 
ffffabde1000-ffffabde9000 rw-p 00000000 00:00 0 
ffffabdea000-ffffabdf3000 rw-p 00000000 00:00 0 
ffffabdf4000-ffffabdfc000 rw-p 00000000 00:00 0 
ffffabdfd000-ffffabe05000 rw-p 00000000 00:00 0 
ffffabe06000-ffffabe0e000 rw-p 00000000 00:00 0 
ffffabe0f000-ffffabe17000 rw-p 00000000 00:00 0 
ffffabe18000-ffffabe20000 rw-p 00000000 00:00 0 
ffffabe21000-ffffabe29000 rw-p 00000000 00:00 0 
ffffabe2a000-ffffabe32000 rw-p 00000000 00:00 0 
ffffabe33000-ffffabe3b000 rw-p 00000000 00:00 0 
ffffabe3c000-ffffabe44000 rw-p 00000000 00:00 0 
ffffabe45000-ffffabe4d000 rw-p 00000000 00:00 0 
ffffabe4e000-ffffabe56000 rw-p 00000000 00:00 0 
ffffabe57000-ffffabe5f000 rw-p 00000000 00:00 0 
ffffabe60000-ffffacaa5000 rw-p 00000000 00:00 0 
ffffacaa5000-ffffacaa7000 ---p 00000000 00:00 0 
ffffacaa7000-ffffacae8000 rw-p 00000000 00:00 0 
ffffacae8000-ffffacaea000 ---p 00000000 00:00 0 
ffffacaea000-ffffacb41000 rw-p 00000000 00:00 0 
ffffacb41000-ffffacb43000 ---p 00000000 00:00 0 
ffffacb43000-ffffacb8c000 rw-p 00000000 00:00 0 
ffffacb8c000-ffffacb8e000 ---p 00000000 00:00 0 
ffffacb8e000-ffffacbe5000 rw-p 00000000 00:00 0 
ffffacbe5000-ffffacbe7000 ---p 00000000 00:00 0 
ffffacbe7000-ffffacc3d000 rw-p 00000000 00:00 0 
ffffacc3d000-ffffacc3f000 ---p 00000000 00:00 0 
ffffacc3f000-ffffad666000 rw-p 00000000 00:00 0 
ffffad666000-ffffad668000 ---p 00000000 00:00 0 
ffffad668000-ffffad80e000 rw-p 00000000 00:00 0 
ffffad80e000-ffffb580d000 rwxp 00000000 00:00 0 
ffffb580d000-ffffb580e000 ---p 00000000 00:00 0 
ffffb580e000-ffffb5818000 rw-p 00000000 00:00 0 
ffffb5818000-ffffb583e000 rw-p 00000000 00:00 0 
ffffb583e000-ffffb5840000 ---p 00000000 00:00 0 
ffffb5840000-ffffb5939000 rw-p 00000000 00:00 0 
ffffb5939000-ffffb593b000 ---p 00000000 00:00 0 
ffffb593b000-ffffb595d000 rw-p 00000000 00:00 0 
ffffb595d000-ffffb595f000 r--p 00000000 00:00 0                          [vvar]
ffffb595f000-ffffb5960000 r-xp 00000000 00:00 0                          [vdso]
fffff5550000-fffff5571000 rw-p 00000000 00:00 0                          [stack]

VM Arguments:
jvm_args: -Xmx1g 
java_command: org.apache.spark.deploy.SparkSubmit --conf spark.hadoop.fs.s3a.impl=org.apache.hadoop.fs.s3a.S3AFileSystem --conf spark.master=spark://172.1.0.2:7077 --conf spark.jars.packages=com.amazonaws:aws-java-sdk-s3:1.12.158,org.apache.hadoop:hadoop-aws:3.3.1,org.apache.spark:spark-avro_2.12:3.2.1,org.mongodb.spark:mongo-spark-connector_2.12:3.0.1,org.postgresql:postgresql:42.2.18 --conf spark.hadoop.fs.s3a.secret.key=vNnp5VOkfa5nnJu7ys21mfPIlcNTl/UumChm/ZW4 --conf spark.app.name=Transform Recent change stream --conf spark.hadoop.fs.s3a.access.key=AKIAVXUWCHG4KFFPUPC3 --conf spark.hadoop.fs.s3a.multipart.size=104857600 --conf com.amazonaws.services.s3a.enableV4=true --conf spark.hadoop.fs.s3a.path.style.access=false pyspark-shell
java_class_path (initial): /opt/bitnami/spark/conf/:/opt/bitnami/spark/jars/minlog-1.3.0.jar:/opt/bitnami/spark/jars/jta-1.1.jar:/opt/bitnami/spark/jars/kubernetes-model-coordination-5.4.1.jar:/opt/bitnami/spark/jars/annotations-17.0.0.jar:/opt/bitnami/spark/jars/scala-collection-compat_2.12-2.1.1.jar:/opt/bitnami/spark/jars/jersey-container-servlet-core-2.34.jar:/opt/bitnami/spark/jars/xz-1.8.jar:/opt/bitnami/spark/jars/xbean-asm9-shaded-4.20.jar:/opt/bitnami/spark/jars/protobuf-java-2.5.0.jar:/opt/bitnami/spark/jars/jackson-mapper-asl-1.9.13.jar:/opt/bitnami/spark/jars/hk2-locator-2.6.1.jar:/opt/bitnami/spark/jars/hive-shims-2.3.9.jar:/opt/bitnami/spark/jars/jdo-api-3.0.1.jar:/opt/bitnami/spark/jars/arrow-memory-core-2.0.0.jar:/opt/bitnami/spark/jars/kubernetes-model-flowcontrol-5.4.1.jar:/opt/bitnami/spark/jars/spark-kvstore_2.12-3.2.1.jar:/opt/bitnami/spark/jars/hadoop-client-api-3.3.1.jar:/opt/bitnami/spark/jars/antlr4-runtime-4.8.jar:/opt/bitnami/spark/jars/shapeless_2.12-2.3.3.jar:/opt/bitnami/spark/jars/hive-jdbc-2.3.9.jar:/opt/bitnami/spark/jars/dropwizard-metrics-hadoop-metrics2-reporter-0.1.2.jar:/opt/bitnami/spark/jars/hive-vector-code-gen-2.3.9.jar:/opt/bitnami/spark/jars/stax-api-1.0.1.jar:/opt/bitnami/spark/jars/okio-1.14.0.jar:/opt/bitnami/spark/jars/hive-llap-common-2.3.9.jar:/opt/bitnami/spark/jars/spark-sketch_2.12-3.2.1.jar:/opt/bitnami/spark/jars/zookeeper-jute-3.6.2.jar:/opt/bitnami/spark/jars/leveldbjni-all-1.8.jar:/opt/bitnami/spark/jars/spark-catalyst_2.12-3.2.1.jar:/opt/bitnami/spark/jars/hk2-utils-2.6.1.jar:/opt/bitnami/spark/jars/blas-2.2.1.jar:/opt/bitnami/spark/jars/macro-compat_2.12-1.1.1.jar:/opt/bitnami/spark/jars/hive-cli-2.3.9.jar:/opt/bitnami/spark/jars/algebra_2.12-2.0.1.jar:/opt/bitnami/spark/jars/kubernetes-model-apps-5.4.1.jar:/opt/bitnami/spark/jars/JLargeArrays-1.5.jar:/opt/bitnami/spark/jars/kubernetes-model-storageclass-5.4.1.jar:/opt/bitnami/spark/jars/commons-logging-1.1.3.jar:/opt/bitnami/spark/jars/orc-core-1.6.12.ja
Launcher Type: SUN_STANDARD

Environment Variables:
JAVA_HOME=/opt/bitnami/java
PATH=/opt/bitnami/python/bin:/opt/bitnami/java/bin:/opt/bitnami/spark/bin:/opt/bitnami/spark/sbin:/opt/bitnami/common/bin:/usr/local/sbin:/usr/local/bin:/usr/sbin:/usr/bin:/sbin:/bin
LD_LIBRARY_PATH=/opt/bitnami/python/lib/:/opt/bitnami/spark/venv/lib/python3.8/site-packages/numpy.libs/:

Signal Handlers:
SIGSEGV: [libjvm.so+0xb3b210], sa_mask[0]=11111111111111111111111111111110, sa_flags=SA_RESTART|SA_SIGINFO
SIGBUS: [libjvm.so+0xb3b210], sa_mask[0]=11111111111111111111111111111110, sa_flags=SA_RESTART|SA_SIGINFO
SIGFPE: [libjvm.so+0x9637d0], sa_mask[0]=11111111111111111111111111111110, sa_flags=SA_RESTART|SA_SIGINFO
SIGPIPE: [libjvm.so+0x9637d0], sa_mask[0]=11111111111111111111111111111110, sa_flags=SA_RESTART|SA_SIGINFO
SIGXFSZ: [libjvm.so+0x9637d0], sa_mask[0]=11111111111111111111111111111110, sa_flags=SA_RESTART|SA_SIGINFO
SIGILL: [libjvm.so+0x9637d0], sa_mask[0]=11111111111111111111111111111110, sa_flags=SA_RESTART|SA_SIGINFO
SIGUSR1: SIG_DFL, sa_mask[0]=00000000000000000000000000000000, sa_flags=none
SIGUSR2: [libjvm.so+0x963d80], sa_mask[0]=00000000000000000000000000000000, sa_flags=SA_RESTART|SA_SIGINFO
SIGHUP: [libjvm.so+0x963cc0], sa_mask[0]=11111111111111111111111111111110, sa_flags=SA_RESTART|SA_SIGINFO
SIGINT: [libjvm.so+0x963cc0], sa_mask[0]=11111111111111111111111111111110, sa_flags=SA_RESTART|SA_SIGINFO
SIGTERM: [libjvm.so+0x963cc0], sa_mask[0]=11111111111111111111111111111110, sa_flags=SA_RESTART|SA_SIGINFO
SIGQUIT: [libjvm.so+0x963cc0], sa_mask[0]=11111111111111111111111111111110, sa_flags=SA_RESTART|SA_SIGINFO


---------------  S Y S T E M  ---------------

OS:PRETTY_NAME="Debian GNU/Linux 10 (buster)"
NAME="Debian GNU/Linux"
VERSION_ID="10"
VERSION="10 (buster)"
VERSION_CODENAME=buster
ID=debian
HOME_URL="https://www.debian.org/"
SUPPORT_URL="https://www.debian.org/support"
BUG_REPORT_URL="https://bugs.debian.org/"

uname:Linux 5.10.76-linuxkit #1 SMP PREEMPT Mon Nov 8 11:22:26 UTC 2021 x86_64
libc:glibc 2.28 NPTL 2.28 
rlimit: STACK 8192k, CORE 0k, NPROC infinity, NOFILE 1048576, AS infinity
load average:4.39 3.54 2.83

/proc/meminfo:
MemTotal:        8141864 kB
MemFree:         5217752 kB
MemAvailable:    5750380 kB
Buffers:           23328 kB
Cached:           975744 kB
SwapCached:            0 kB
Active:           474008 kB
Inactive:        2299592 kB
Active(anon):      71816 kB
Inactive(anon):  2044728 kB
Active(file):     402192 kB
Inactive(file):   254864 kB
Unevictable:           0 kB
Mlocked:               0 kB
SwapTotal:       1048572 kB
SwapFree:        1048572 kB
Dirty:               252 kB
Writeback:             0 kB
AnonPages:       1764508 kB
Mapped:           314360 kB
Shmem:            342064 kB
KReclaimable:      38608 kB
Slab:              78352 kB
SReclaimable:      38608 kB
SUnreclaim:        39744 kB
KernelStack:       12048 kB
PageTables:        10484 kB
NFS_Unstable:          0 kB
Bounce:                0 kB
WritebackTmp:          0 kB
CommitLimit:     5119504 kB
Committed_AS:    7271008 kB
VmallocTotal:   135290159040 kB
VmallocUsed:       14600 kB
VmallocChunk:          0 kB
Percpu:             3312 kB
AnonHugePages:    489472 kB
ShmemHugePages:        0 kB
ShmemPmdMapped:        0 kB
FileHugePages:         0 kB
FilePmdMapped:         0 kB
HugePages_Total:       0
HugePages_Free:        0
HugePages_Rsvd:        0
HugePages_Surp:        0
Hugepagesize:       2048 kB
Hugetlb:               0 kB


CPU:total 6 (initial active 6) (1 cores per cpu, 1 threads per core) family 15 model 107 stepping 1, cmov, cx8, fxsr, mmx, sse, sse2, sse3, ssse3, sse4.1, sse4.2, popcnt, aes, clmul, erms, mmxext, 3dnowpref, lzcnt, tsc, bmi1

/proc/cpuinfo:
processor	: 0
BogoMIPS	: 48.00
Features	: fp asimd evtstrm aes pmull sha1 sha2 crc32 atomics fphp asimdhp cpuid asimdrdm jscvt fcma lrcpc dcpop sha3 asimddp sha512 asimdfhm dit uscat ilrcpc flagm sb paca pacg dcpodp flagm2 frint
CPU implementer	: 0x00
CPU architecture: 8
CPU variant	: 0x0
CPU part	: 0x000
CPU revision	: 0

processor	: 1
BogoMIPS	: 48.00
Features	: fp asimd evtstrm aes pmull sha1 sha2 crc32 atomics fphp asimdhp cpuid asimdrdm jscvt fcma lrcpc dcpop sha3 asimddp sha512 asimdfhm dit uscat ilrcpc flagm sb paca pacg dcpodp flagm2 frint
CPU implementer	: 0x00
CPU architecture: 8
CPU variant	: 0x0
CPU part	: 0x000
CPU revision	: 0

processor	: 2
BogoMIPS	: 48.00
Features	: fp asimd evtstrm aes pmull sha1 sha2 crc32 atomics fphp asimdhp cpuid asimdrdm jscvt fcma lrcpc dcpop sha3 asimddp sha512 asimdfhm dit uscat ilrcpc flagm sb paca pacg dcpodp flagm2 frint
CPU implementer	: 0x00
CPU architecture: 8
CPU variant	: 0x0
CPU part	: 0x000
CPU revision	: 0

processor	: 3
BogoMIPS	: 48.00
Features	: fp asimd evtstrm aes pmull sha1 sha2 crc32 atomics fphp asimdhp cpuid asimdrdm jscvt fcma lrcpc dcpop sha3 asimddp sha512 asimdfhm dit uscat ilrcpc flagm sb paca pacg dcpodp flagm2 frint
CPU implementer	: 0x00
CPU architecture: 8
CPU variant	: 0x0
CPU part	: 0x000
CPU revision	: 0

processor	: 4
BogoMIPS	: 48.00
Features	: fp asimd evtstrm aes pmull sha1 sha2 crc32 atomics fphp asimdhp cpuid asimdrdm jscvt fcma lrcpc dcpop sha3 asimddp sha512 asimdfhm dit uscat ilrcpc flagm sb paca pacg dcpodp flagm2 frint
CPU implementer	: 0x00
CPU architecture: 8
CPU variant	: 0x0
CPU part	: 0x000
CPU revision	: 0

processor	: 5
BogoMIPS	: 48.00
Features	: fp asimd evtstrm aes pmull sha1 sha2 crc32 atomics fphp asimdhp cpuid asimdrdm jscvt fcma lrcpc dcpop sha3 asimddp sha512 asimdfhm dit uscat ilrcpc flagm sb paca pacg dcpodp flagm2 frint
CPU implementer	: 0x00
CPU architecture: 8
CPU variant	: 0x0
CPU part	: 0x000
CPU revision	: 0



Memory: 4k page, physical 8141864k(5217752k free), swap 1048572k(1048572k free)

vm_info: OpenJDK 64-Bit Server VM (25.322-b06) for linux-amd64 JRE (1.8.0_322-b06), built on Jan 19 2022 16:12:58 by "re" with gcc 7.3.1 20180303 (Red Hat 7.3.1-5)

time: Mon Mar  7 09:38:13 2022
timezone: UTC
elapsed time: 3.621963 seconds (0d 0h 0m 3s)

